[10-06-2019 04:32:53] The program started with the command: /Users/inhuszar/prog/histroi/xml-to-mask.py NP391-16_PLP_LVC_20x.xml --scale 0.05 0.05 --image 44024 53783 --verbose=40 --nodisplay --out example
[10-06-2019 04:32:53] NP391-16_PLP_LVC_20x.xml
[10-06-2019 04:32:53] 	Annotation 0
[10-06-2019 04:32:53] 		Region 0 has 1897 vertices.
[10-06-2019 04:32:53] 		Region 1 has 569 vertices.
[10-06-2019 04:32:53] 		Region 2 has 473 vertices.
[10-06-2019 04:32:53] 		Region 3 has 778 vertices.
[10-06-2019 04:32:53] 	Annotation 1
[10-06-2019 04:32:53] 		Region 0 has 2 vertices.
[10-06-2019 04:32:53] 		Region 1 has 2 vertices.
[10-06-2019 04:32:53] 		Region 2 has 2 vertices.
[10-06-2019 04:32:53] 		Region 3 has 2 vertices.
[10-06-2019 04:32:53] 		Region 4 has 2 vertices.
[10-06-2019 04:32:53] 		Region 5 has 2 vertices.
[10-06-2019 04:32:53] 		Region 6 has 2 vertices.
[10-06-2019 04:32:53] 		Region 7 has 2 vertices.
[10-06-2019 04:32:53] 		Region 8 has 2 vertices.
[10-06-2019 04:32:53] 		Region 9 has 2 vertices.
[10-06-2019 04:32:53] Region 0 in Annotation 1 was omitted for having fewer than 3 points.
[10-06-2019 04:32:53] Region 1 in Annotation 1 was omitted for having fewer than 3 points.
[10-06-2019 04:32:53] Region 2 in Annotation 1 was omitted for having fewer than 3 points.
[10-06-2019 04:32:53] Region 3 in Annotation 1 was omitted for having fewer than 3 points.
[10-06-2019 04:32:53] Region 4 in Annotation 1 was omitted for having fewer than 3 points.
[10-06-2019 04:32:53] Region 5 in Annotation 1 was omitted for having fewer than 3 points.
[10-06-2019 04:32:53] Region 6 in Annotation 1 was omitted for having fewer than 3 points.
[10-06-2019 04:32:53] Region 7 in Annotation 1 was omitted for having fewer than 3 points.
[10-06-2019 04:32:53] Region 8 in Annotation 1 was omitted for having fewer than 3 points.
[10-06-2019 04:32:53] Region 9 in Annotation 1 was omitted for having fewer than 3 points.
[10-06-2019 04:32:53] Found 4 polygon definition(s) in total.
[10-06-2019 04:32:53] Current polygon: 0, Selected: True, NegativeROA: False
[10-06-2019 04:32:53] Current polygon: 1, Selected: False, NegativeROA: True
[10-06-2019 04:32:53] Current polygon: 2, Selected: False, NegativeROA: True
[10-06-2019 04:32:53] Current polygon: 3, Selected: False, NegativeROA: True
[10-06-2019 04:32:53] Binary mask FOV (pixels): (2201, 2689)
[10-06-2019 04:32:56] All tasks were successfully completed.
